Printing analysis 'PointerGuardian Pass' for function 'main':
"Function Name" : "main
representation :   %retval = alloca i32, align 4
#Edge incoming
BOTTOM

#Edge outcoming
BOTTOM


representation :   %y = alloca [2 x i32], align 4
#Edge incoming
BOTTOM

#Edge outcoming
BOTTOM


representation :   %x = alloca i32*, align 8
#Edge incoming
BOTTOM

#Edge outcoming
BOTTOM


representation :   store i32 0, i32* %retval
#Edge incoming
BOTTOM

#Edge outcoming
BOTTOM


representation :   %arraydecay = getelementptr inbounds [2 x i32]* %y, i32 0, i32 0
#Edge incoming
BOTTOM

#Edge outcoming
BOTTOM


representation :   store i32* %arraydecay, i32** %x, align 8
#Edge incoming
BOTTOM

#Edge outcoming
x->arraydecay



representation :   %arraydecay1 = getelementptr inbounds [2 x i32]* %y, i32 0, i32 0
#Edge incoming
x->arraydecay


#Edge outcoming
x->arraydecay



representation :   %add.ptr = getelementptr inbounds i32* %arraydecay1, i64 1
#Edge incoming
x->arraydecay


#Edge outcoming
x->arraydecay



representation :   store i32* %add.ptr, i32** %x, align 8
#Edge incoming
x->arraydecay


#Edge outcoming
x->add.ptr
x->arraydecay



representation :   ret i32 0
#Edge incoming
x->add.ptr
x->arraydecay


#Edge outcoming
x->add.ptr
x->arraydecay



representation : 
entry:
  %retval = alloca i32, align 4
  %y = alloca [2 x i32], align 4
  %x = alloca i32*, align 8
  store i32 0, i32* %retval
  %arraydecay = getelementptr inbounds [2 x i32]* %y, i32 0, i32 0
  store i32* %arraydecay, i32** %x, align 8
  %arraydecay1 = getelementptr inbounds [2 x i32]* %y, i32 0, i32 0
  %add.ptr = getelementptr inbounds i32* %arraydecay1, i64 1
  store i32* %add.ptr, i32** %x, align 8
  ret i32 0

#Edge incoming
x->add.ptr
x->arraydecay

x->add.ptr
x->arraydecay


#Edge outcoming
x->add.ptr
x->arraydecay



