Printing analysis 'Pointer Analysis Optimization Pass' for function 'main':
"Function Name" : "main
representation :   %retval = alloca i32, align 4
#Edge incoming
"bottom"

#Edge outcoming
"bottom"


representation :   %a = alloca float, align 4
#Edge incoming
"bottom"

#Edge outcoming
"bottom"


representation :   %b = alloca float, align 4
#Edge incoming
"bottom"

#Edge outcoming
"bottom"


representation :   %c = alloca float*, align 8
#Edge incoming
"bottom"

#Edge outcoming
"bottom"


representation :   %d = alloca float, align 4
#Edge incoming
"bottom"

#Edge outcoming
"bottom"


representation :   %e = alloca float*, align 8
#Edge incoming
"bottom"

#Edge outcoming
"bottom"


representation :   %f = alloca float*, align 8
#Edge incoming
"bottom"

#Edge outcoming
"bottom"


representation :   %g = alloca float*, align 8
#Edge incoming
"bottom"

#Edge outcoming
"bottom"


representation :   %h = alloca float**, align 8
#Edge incoming
"bottom"

#Edge outcoming
"bottom"


representation :   %j = alloca float**, align 8
#Edge incoming
"bottom"

#Edge outcoming
"bottom"


representation :   %l = alloca float*, align 8
#Edge incoming
"bottom"

#Edge outcoming
"bottom"


representation :   %k = alloca i32, align 4
#Edge incoming
"bottom"

#Edge outcoming
"bottom"


representation :   store i32 0, i32* %retval
#Edge incoming
"bottom"

#Edge outcoming
"bottom"


representation :   store float 2.000000e+00, float* %a, align 4
#Edge incoming
"bottom"

#Edge outcoming
"bottom"


representation :   store float 3.000000e+00, float* %b, align 4
#Edge incoming
"bottom"

#Edge outcoming
"bottom"


representation :   store float* %a, float** %c, align 8
#Edge incoming
"bottom"

#Edge outcoming
c->a



representation :   store float* %b, float** %c, align 8
#Edge incoming
c->a


#Edge outcoming
c->a
c->b



representation :   store float 5.000000e-01, float* %d, align 4
#Edge incoming
c->a
c->b


#Edge outcoming
c->a
c->b



representation :   store float* %d, float** %e, align 8
#Edge incoming
c->a
c->b


#Edge outcoming
c->a
c->b
e->d



representation :   store float* %b, float** %l, align 8
#Edge incoming
c->a
c->b
e->d


#Edge outcoming
c->a
c->b
e->d
l->b



representation :   %0 = load float** %e, align 8
#Edge incoming
c->a
c->b
e->d
l->b


#Edge outcoming
c->a
c->b
e->d
f->d
l->b



representation :   store float* %0, float** %f, align 8
#Edge incoming
c->a
c->b
e->d
f->d
l->b


#Edge outcoming
c->a
c->b
e->d
f->d
l->b



representation :   %1 = load float** %f, align 8
#Edge incoming
c->a
c->b
e->d
f->d
l->b


#Edge outcoming
c->a
c->b
e->d
f->d
g->d
l->b



representation :   store float* %1, float** %g, align 8
#Edge incoming
c->a
c->b
e->d
f->d
g->d
l->b


#Edge outcoming
c->a
c->b
e->d
f->d
g->d
l->b



representation :   store float** %f, float*** %h, align 8
#Edge incoming
c->a
c->b
e->d
f->d
g->d
l->b


#Edge outcoming
c->a
c->b
e->d
f->d
g->d
h->f
l->b



representation :   store float* %a, float** %e, align 8
#Edge incoming
c->a
c->b
e->d
f->d
g->d
h->f
l->b


#Edge outcoming
c->a
c->b
e->a
e->d
f->d
g->d
h->f
l->b



representation :   %2 = load float** %e, align 8
#Edge incoming
c->a
c->b
e->a
e->d
f->d
g->d
h->f
l->b


#Edge outcoming
c->a
c->b
e->a
e->d
f->a
f->d
g->d
h->f
l->b



representation :   %3 = load float*** %h, align 8
#Edge incoming
c->a
c->b
e->a
e->d
f->a
f->d
g->d
h->f
l->b


#Edge outcoming
c->a
c->b
e->a
e->d
f->a
f->d
g->d
h->f
l->b



representation :   store float* %2, float** %3, align 8
#Edge incoming
c->a
c->b
e->a
e->d
f->a
f->d
g->d
h->f
l->b


#Edge outcoming
c->a
c->b
e->a
e->d
f->a
f->d
g->d
h->f
l->b



representation :   store float** %l, float*** %j, align 8
#Edge incoming
c->a
c->b
e->a
e->d
f->a
f->d
g->d
h->f
l->b


#Edge outcoming
c->a
c->b
e->a
e->d
f->a
f->d
g->d
h->f
j->l
l->b



representation :   %4 = load float*** %j, align 8
#Edge incoming
c->a
c->b
e->a
e->d
f->a
f->d
g->d
h->f
j->l
l->b


#Edge outcoming
c->a
c->b
e->a
e->d
f->a
f->b
f->d
g->d
h->f
j->l
l->b



representation :   %5 = load float** %4, align 8
#Edge incoming
c->a
c->b
e->a
e->d
f->a
f->b
f->d
g->d
h->f
j->l
l->b


#Edge outcoming
c->a
c->b
e->a
e->d
f->a
f->b
f->d
g->d
h->f
j->l
l->b



representation :   store float* %5, float** %f, align 8
#Edge incoming
c->a
c->b
e->a
e->d
f->a
f->b
f->d
g->d
h->f
j->l
l->b


#Edge outcoming
c->a
c->b
e->a
e->d
f->a
f->b
f->d
g->d
h->f
j->l
l->b



representation :   %6 = load float*** %j, align 8
#Edge incoming
c->a
c->b
e->a
e->d
f->a
f->b
f->d
g->d
h->f
j->l
l->b


#Edge outcoming
c->a
c->b
e->a
e->b
e->d
f->a
f->b
f->d
g->d
h->f
j->l
l->b



representation :   %7 = load float** %6, align 8
#Edge incoming
c->a
c->b
e->a
e->b
e->d
f->a
f->b
f->d
g->d
h->f
j->l
l->b


#Edge outcoming
c->a
c->b
e->a
e->b
e->d
f->a
f->b
f->d
g->d
h->f
j->l
l->b



representation :   store float* %7, float** %e, align 8
#Edge incoming
c->a
c->b
e->a
e->b
e->d
f->a
f->b
f->d
g->d
h->f
j->l
l->b


#Edge outcoming
c->a
c->b
e->a
e->b
e->d
f->a
f->b
f->d
g->d
h->f
j->l
l->b



representation :   store float* null, float** %c, align 8
#Edge incoming
c->a
c->b
e->a
e->b
e->d
f->a
f->b
f->d
g->d
h->f
j->l
l->b


#Edge outcoming
e->a
e->b
e->d
f->a
f->b
f->d
g->d
h->f
j->l
l->b



representation :   %8 = load float* %a, align 4
#Edge incoming
e->a
e->b
e->d
f->a
f->b
f->d
g->d
h->f
j->l
l->b


#Edge outcoming
e->a
e->b
e->d
f->a
f->b
f->d
g->d
h->f
j->l
l->b



representation :   %cmp = fcmp oeq float %8, 3.000000e+00
#Edge incoming
e->a
e->b
e->d
f->a
f->b
f->d
g->d
h->f
j->l
l->b


#Edge outcoming
e->a
e->b
e->d
f->a
f->b
f->d
g->d
h->f
j->l
l->b



representation :   br i1 %cmp, label %if.then, label %if.else
#Edge incoming
e->a
e->b
e->d
f->a
f->b
f->d
g->d
h->f
j->l
l->b


#Edge outcoming
e->a
e->b
e->d
f->a
f->b
f->d
g->d
h->f
j->l
l->b


e->a
e->b
e->d
f->a
f->b
f->d
g->d
h->f
j->l
l->b



representation :   store float* %d, float** %e, align 8
#Edge incoming
e->a
e->b
e->d
f->a
f->b
f->d
g->d
h->f
j->l
l->b


#Edge outcoming
e->a
e->b
e->d
f->a
f->b
f->d
g->d
h->f
j->l
l->b



representation :   br label %if.end
#Edge incoming
e->a
e->b
e->d
f->a
f->b
f->d
g->d
h->f
j->l
l->b


#Edge outcoming
e->a
e->b
e->d
f->a
f->b
f->d
g->d
h->f
j->l
l->b



representation :   store float* %d, float** %f, align 8
#Edge incoming
e->a
e->b
e->d
f->a
f->b
f->d
g->d
h->f
j->l
l->b


#Edge outcoming
e->a
e->b
e->d
f->a
f->b
f->d
g->d
h->f
j->l
l->b



representation :   br label %if.end
#Edge incoming
e->a
e->b
e->d
f->a
f->b
f->d
g->d
h->f
j->l
l->b


#Edge outcoming
e->a
e->b
e->d
f->a
f->b
f->d
g->d
h->f
j->l
l->b



representation :   store i32 0, i32* %k, align 4
#Edge incoming
e->a
e->b
e->d
f->a
f->b
f->d
g->d
h->f
j->l
l->b


e->a
e->b
e->d
f->a
f->b
f->d
g->d
h->f
j->l
l->b


#Edge outcoming
e->a
e->b
e->d
f->a
f->b
f->d
g->d
h->f
j->l
l->b



representation :   br label %for.cond
#Edge incoming
e->a
e->b
e->d
f->a
f->b
f->d
g->d
h->f
j->l
l->b


#Edge outcoming
e->a
e->b
e->d
f->a
f->b
f->d
g->d
h->f
j->l
l->b



representation :   %9 = load i32* %k, align 4
#Edge incoming
e->a
e->b
e->d
f->a
f->b
f->d
g->d
h->f
j->l
l->b


e->a
e->b
e->d
f->a
f->b
f->d
g->d
h->f
j->e
j->f
j->l
k->inc
l->b


#Edge outcoming
e->a
e->b
e->d
f->a
f->b
f->d
g->d
h->f
j->e
j->f
j->l
k->inc
l->b



representation :   %cmp1 = icmp slt i32 %9, 10
#Edge incoming
e->a
e->b
e->d
f->a
f->b
f->d
g->d
h->f
j->e
j->f
j->l
k->inc
l->b


#Edge outcoming
e->a
e->b
e->d
f->a
f->b
f->d
g->d
h->f
j->e
j->f
j->l
k->inc
l->b



representation :   br i1 %cmp1, label %for.body, label %for.end
#Edge incoming
e->a
e->b
e->d
f->a
f->b
f->d
g->d
h->f
j->e
j->f
j->l
k->inc
l->b


#Edge outcoming
e->a
e->b
e->d
f->a
f->b
f->d
g->d
h->f
j->e
j->f
j->l
k->inc
l->b


e->a
e->b
e->d
f->a
f->b
f->d
g->d
h->f
j->e
j->f
j->l
k->inc
l->b



representation :   %10 = load i32* %k, align 4
#Edge incoming
e->a
e->b
e->d
f->a
f->b
f->d
g->d
h->f
j->e
j->f
j->l
k->inc
l->b


#Edge outcoming
e->a
e->b
e->d
f->a
f->b
f->d
g->d
h->f
j->e
j->f
j->l
k->inc
l->b



representation :   %cmp2 = icmp eq i32 %10, 5
#Edge incoming
e->a
e->b
e->d
f->a
f->b
f->d
g->d
h->f
j->e
j->f
j->l
k->inc
l->b


#Edge outcoming
e->a
e->b
e->d
f->a
f->b
f->d
g->d
h->f
j->e
j->f
j->l
k->inc
l->b



representation :   br i1 %cmp2, label %if.then3, label %if.end4
#Edge incoming
e->a
e->b
e->d
f->a
f->b
f->d
g->d
h->f
j->e
j->f
j->l
k->inc
l->b


#Edge outcoming
e->a
e->b
e->d
f->a
f->b
f->d
g->d
h->f
j->e
j->f
j->l
k->inc
l->b


e->a
e->b
e->d
f->a
f->b
f->d
g->d
h->f
j->e
j->f
j->l
k->inc
l->b



representation :   store float** %e, float*** %j, align 8
#Edge incoming
e->a
e->b
e->d
f->a
f->b
f->d
g->d
h->f
j->e
j->f
j->l
k->inc
l->b


#Edge outcoming
e->a
e->b
e->d
f->a
f->b
f->d
g->d
h->f
j->e
j->f
j->l
k->inc
l->b



representation :   br label %if.end4
#Edge incoming
e->a
e->b
e->d
f->a
f->b
f->d
g->d
h->f
j->e
j->f
j->l
k->inc
l->b


#Edge outcoming
e->a
e->b
e->d
f->a
f->b
f->d
g->d
h->f
j->e
j->f
j->l
k->inc
l->b



representation :   %11 = load i32* %k, align 4
#Edge incoming
e->a
e->b
e->d
f->a
f->b
f->d
g->d
h->f
j->e
j->f
j->l
k->inc
l->b


e->a
e->b
e->d
f->a
f->b
f->d
g->d
h->f
j->e
j->f
j->l
k->inc
l->b


#Edge outcoming
e->a
e->b
e->d
f->a
f->b
f->d
g->d
h->f
j->e
j->f
j->l
k->inc
l->b



representation :   %cmp5 = icmp eq i32 %11, 9
#Edge incoming
e->a
e->b
e->d
f->a
f->b
f->d
g->d
h->f
j->e
j->f
j->l
k->inc
l->b


#Edge outcoming
e->a
e->b
e->d
f->a
f->b
f->d
g->d
h->f
j->e
j->f
j->l
k->inc
l->b



representation :   br i1 %cmp5, label %if.then6, label %if.end7
#Edge incoming
e->a
e->b
e->d
f->a
f->b
f->d
g->d
h->f
j->e
j->f
j->l
k->inc
l->b


#Edge outcoming
e->a
e->b
e->d
f->a
f->b
f->d
g->d
h->f
j->e
j->f
j->l
k->inc
l->b


e->a
e->b
e->d
f->a
f->b
f->d
g->d
h->f
j->e
j->f
j->l
k->inc
l->b



representation :   store float** %f, float*** %j, align 8
#Edge incoming
e->a
e->b
e->d
f->a
f->b
f->d
g->d
h->f
j->e
j->f
j->l
k->inc
l->b


#Edge outcoming
e->a
e->b
e->d
f->a
f->b
f->d
g->d
h->f
j->e
j->f
j->l
k->inc
l->b



representation :   br label %if.end7
#Edge incoming
e->a
e->b
e->d
f->a
f->b
f->d
g->d
h->f
j->e
j->f
j->l
k->inc
l->b


#Edge outcoming
e->a
e->b
e->d
f->a
f->b
f->d
g->d
h->f
j->e
j->f
j->l
k->inc
l->b



representation :   br label %for.inc
#Edge incoming
e->a
e->b
e->d
f->a
f->b
f->d
g->d
h->f
j->e
j->f
j->l
k->inc
l->b


e->a
e->b
e->d
f->a
f->b
f->d
g->d
h->f
j->e
j->f
j->l
k->inc
l->b


#Edge outcoming
e->a
e->b
e->d
f->a
f->b
f->d
g->d
h->f
j->e
j->f
j->l
k->inc
l->b



representation :   %12 = load i32* %k, align 4
#Edge incoming
e->a
e->b
e->d
f->a
f->b
f->d
g->d
h->f
j->e
j->f
j->l
k->inc
l->b


#Edge outcoming
e->a
e->b
e->d
f->a
f->b
f->d
g->d
h->f
j->e
j->f
j->l
k->inc
l->b



representation :   %inc = add nsw i32 %12, 1
#Edge incoming
e->a
e->b
e->d
f->a
f->b
f->d
g->d
h->f
j->e
j->f
j->l
k->inc
l->b


#Edge outcoming
e->a
e->b
e->d
f->a
f->b
f->d
g->d
h->f
j->e
j->f
j->l
k->inc
l->b



representation :   store i32 %inc, i32* %k, align 4
#Edge incoming
e->a
e->b
e->d
f->a
f->b
f->d
g->d
h->f
j->e
j->f
j->l
k->inc
l->b


#Edge outcoming
e->a
e->b
e->d
f->a
f->b
f->d
g->d
h->f
j->e
j->f
j->l
k->inc
l->b



representation :   br label %for.cond
#Edge incoming
e->a
e->b
e->d
f->a
f->b
f->d
g->d
h->f
j->e
j->f
j->l
k->inc
l->b


#Edge outcoming
e->a
e->b
e->d
f->a
f->b
f->d
g->d
h->f
j->e
j->f
j->l
k->inc
l->b



representation :   ret i32 0
#Edge incoming
e->a
e->b
e->d
f->a
f->b
f->d
g->d
h->f
j->e
j->f
j->l
k->inc
l->b


#Edge outcoming


Printing analysis 'Pointer Analysis Optimization Pass' for function 'main':
"Function Name" : "main
representation :   %retval = alloca i32, align 4
#Edge incoming
"bottom"

#Edge outcoming
"bottom"


representation :   %a = alloca float, align 4
#Edge incoming
"bottom"

#Edge outcoming
"bottom"


representation :   %b = alloca float, align 4
#Edge incoming
"bottom"

#Edge outcoming
"bottom"


representation :   %c = alloca float*, align 8
#Edge incoming
"bottom"

#Edge outcoming
"bottom"


representation :   %d = alloca float, align 4
#Edge incoming
"bottom"

#Edge outcoming
"bottom"


representation :   %e = alloca float*, align 8
#Edge incoming
"bottom"

#Edge outcoming
"bottom"


representation :   %f = alloca float*, align 8
#Edge incoming
"bottom"

#Edge outcoming
"bottom"


representation :   %g = alloca float*, align 8
#Edge incoming
"bottom"

#Edge outcoming
"bottom"


representation :   %h = alloca float**, align 8
#Edge incoming
"bottom"

#Edge outcoming
"bottom"


representation :   %j = alloca float**, align 8
#Edge incoming
"bottom"

#Edge outcoming
"bottom"


representation :   %l = alloca float*, align 8
#Edge incoming
"bottom"

#Edge outcoming
"bottom"


representation :   %k = alloca i32, align 4
#Edge incoming
"bottom"

#Edge outcoming
"bottom"


representation :   store i32 0, i32* %retval
#Edge incoming
"bottom"

#Edge outcoming
"bottom"


representation :   store float 2.000000e+00, float* %a, align 4
#Edge incoming
"bottom"

#Edge outcoming
"bottom"


representation :   store float 3.000000e+00, float* %b, align 4
#Edge incoming
"bottom"

#Edge outcoming
"bottom"


representation :   store float* %a, float** %c, align 8
#Edge incoming
"bottom"

#Edge outcoming
c->a



representation :   store float* %b, float** %c, align 8
#Edge incoming
c->a


#Edge outcoming
c->a
c->b



representation :   store float 5.000000e-01, float* %d, align 4
#Edge incoming
c->a
c->b


#Edge outcoming
c->a
c->b



representation :   store float* %d, float** %e, align 8
#Edge incoming
c->a
c->b


#Edge outcoming
c->a
c->b
e->d



representation :   store float* %b, float** %l, align 8
#Edge incoming
c->a
c->b
e->d


#Edge outcoming
c->a
c->b
e->d
l->b



representation :   %0 = load float** %e, align 8
#Edge incoming
c->a
c->b
e->d
l->b


#Edge outcoming
c->a
c->b
e->d
f->d
l->b



representation :   store float* %0, float** %f, align 8
#Edge incoming
c->a
c->b
e->d
f->d
l->b


#Edge outcoming
c->a
c->b
e->d
f->d
l->b



representation :   %1 = load float** %f, align 8
#Edge incoming
c->a
c->b
e->d
f->d
l->b


#Edge outcoming
c->a
c->b
e->d
f->d
g->d
l->b



representation :   store float* %1, float** %g, align 8
#Edge incoming
c->a
c->b
e->d
f->d
g->d
l->b


#Edge outcoming
c->a
c->b
e->d
f->d
g->d
l->b



representation :   store float** %f, float*** %h, align 8
#Edge incoming
c->a
c->b
e->d
f->d
g->d
l->b


#Edge outcoming
c->a
c->b
e->d
f->d
g->d
h->f
l->b



representation :   store float* %a, float** %e, align 8
#Edge incoming
c->a
c->b
e->d
f->d
g->d
h->f
l->b


#Edge outcoming
c->a
c->b
e->a
e->d
f->d
g->d
h->f
l->b



representation :   %2 = load float** %e, align 8
#Edge incoming
c->a
c->b
e->a
e->d
f->d
g->d
h->f
l->b


#Edge outcoming
c->a
c->b
e->a
e->d
f->a
f->d
g->d
h->f
l->b



representation :   %3 = load float*** %h, align 8
#Edge incoming
c->a
c->b
e->a
e->d
f->a
f->d
g->d
h->f
l->b


#Edge outcoming
c->a
c->b
e->a
e->d
f->a
f->d
g->d
h->f
l->b



representation :   store float* %2, float** %3, align 8
#Edge incoming
c->a
c->b
e->a
e->d
f->a
f->d
g->d
h->f
l->b


#Edge outcoming
c->a
c->b
e->a
e->d
f->a
f->d
g->d
h->f
l->b



representation :   store float** %l, float*** %j, align 8
#Edge incoming
c->a
c->b
e->a
e->d
f->a
f->d
g->d
h->f
l->b


#Edge outcoming
c->a
c->b
e->a
e->d
f->a
f->d
g->d
h->f
j->l
l->b



representation :   %4 = load float*** %j, align 8
#Edge incoming
c->a
c->b
e->a
e->d
f->a
f->d
g->d
h->f
j->l
l->b


#Edge outcoming
c->a
c->b
e->a
e->d
f->a
f->b
f->d
g->d
h->f
j->l
l->b



representation :   %5 = load float** %4, align 8
#Edge incoming
c->a
c->b
e->a
e->d
f->a
f->b
f->d
g->d
h->f
j->l
l->b


#Edge outcoming
c->a
c->b
e->a
e->d
f->a
f->b
f->d
g->d
h->f
j->l
l->b



representation :   store float* %5, float** %f, align 8
#Edge incoming
c->a
c->b
e->a
e->d
f->a
f->b
f->d
g->d
h->f
j->l
l->b


#Edge outcoming
c->a
c->b
e->a
e->d
f->a
f->b
f->d
g->d
h->f
j->l
l->b



representation :   %6 = load float*** %j, align 8
#Edge incoming
c->a
c->b
e->a
e->d
f->a
f->b
f->d
g->d
h->f
j->l
l->b


#Edge outcoming
c->a
c->b
e->a
e->b
e->d
f->a
f->b
f->d
g->d
h->f
j->l
l->b



representation :   %7 = load float** %6, align 8
#Edge incoming
c->a
c->b
e->a
e->b
e->d
f->a
f->b
f->d
g->d
h->f
j->l
l->b


#Edge outcoming
c->a
c->b
e->a
e->b
e->d
f->a
f->b
f->d
g->d
h->f
j->l
l->b



representation :   store float* %7, float** %e, align 8
#Edge incoming
c->a
c->b
e->a
e->b
e->d
f->a
f->b
f->d
g->d
h->f
j->l
l->b


#Edge outcoming
c->a
c->b
e->a
e->b
e->d
f->a
f->b
f->d
g->d
h->f
j->l
l->b



representation :   store float* null, float** %c, align 8
#Edge incoming
c->a
c->b
e->a
e->b
e->d
f->a
f->b
f->d
g->d
h->f
j->l
l->b


#Edge outcoming
e->a
e->b
e->d
f->a
f->b
f->d
g->d
h->f
j->l
l->b



representation :   %8 = load float* %a, align 4
#Edge incoming
e->a
e->b
e->d
f->a
f->b
f->d
g->d
h->f
j->l
l->b


#Edge outcoming
e->a
e->b
e->d
f->a
f->b
f->d
g->d
h->f
j->l
l->b



representation :   %cmp = fcmp oeq float %8, 3.000000e+00
#Edge incoming
e->a
e->b
e->d
f->a
f->b
f->d
g->d
h->f
j->l
l->b


#Edge outcoming
e->a
e->b
e->d
f->a
f->b
f->d
g->d
h->f
j->l
l->b



representation :   br i1 %cmp, label %if.then, label %if.else
#Edge incoming
e->a
e->b
e->d
f->a
f->b
f->d
g->d
h->f
j->l
l->b


#Edge outcoming
e->a
e->b
e->d
f->a
f->b
f->d
g->d
h->f
j->l
l->b


e->a
e->b
e->d
f->a
f->b
f->d
g->d
h->f
j->l
l->b



representation :   store float* %d, float** %e, align 8
#Edge incoming
e->a
e->b
e->d
f->a
f->b
f->d
g->d
h->f
j->l
l->b


#Edge outcoming
e->a
e->b
e->d
f->a
f->b
f->d
g->d
h->f
j->l
l->b



representation :   br label %if.end
#Edge incoming
e->a
e->b
e->d
f->a
f->b
f->d
g->d
h->f
j->l
l->b


#Edge outcoming
e->a
e->b
e->d
f->a
f->b
f->d
g->d
h->f
j->l
l->b



representation :   store float* %d, float** %f, align 8
#Edge incoming
e->a
e->b
e->d
f->a
f->b
f->d
g->d
h->f
j->l
l->b


#Edge outcoming
e->a
e->b
e->d
f->a
f->b
f->d
g->d
h->f
j->l
l->b



representation :   br label %if.end
#Edge incoming
e->a
e->b
e->d
f->a
f->b
f->d
g->d
h->f
j->l
l->b


#Edge outcoming
e->a
e->b
e->d
f->a
f->b
f->d
g->d
h->f
j->l
l->b



representation :   store i32 0, i32* %k, align 4
#Edge incoming
e->a
e->b
e->d
f->a
f->b
f->d
g->d
h->f
j->l
l->b


e->a
e->b
e->d
f->a
f->b
f->d
g->d
h->f
j->l
l->b


#Edge outcoming
e->a
e->b
e->d
f->a
f->b
f->d
g->d
h->f
j->l
l->b



representation :   br label %for.cond
#Edge incoming
e->a
e->b
e->d
f->a
f->b
f->d
g->d
h->f
j->l
l->b


#Edge outcoming
e->a
e->b
e->d
f->a
f->b
f->d
g->d
h->f
j->l
l->b



representation :   %9 = load i32* %k, align 4
#Edge incoming
e->a
e->b
e->d
f->a
f->b
f->d
g->d
h->f
j->l
l->b


e->a
e->b
e->d
f->a
f->b
f->d
g->d
h->f
j->e
j->f
j->l
k->inc
l->b


#Edge outcoming
e->a
e->b
e->d
f->a
f->b
f->d
g->d
h->f
j->e
j->f
j->l
k->inc
l->b



representation :   %cmp1 = icmp slt i32 %9, 10
#Edge incoming
e->a
e->b
e->d
f->a
f->b
f->d
g->d
h->f
j->e
j->f
j->l
k->inc
l->b


#Edge outcoming
e->a
e->b
e->d
f->a
f->b
f->d
g->d
h->f
j->e
j->f
j->l
k->inc
l->b



representation :   br i1 %cmp1, label %for.body, label %for.end
#Edge incoming
e->a
e->b
e->d
f->a
f->b
f->d
g->d
h->f
j->e
j->f
j->l
k->inc
l->b


#Edge outcoming
e->a
e->b
e->d
f->a
f->b
f->d
g->d
h->f
j->e
j->f
j->l
k->inc
l->b


e->a
e->b
e->d
f->a
f->b
f->d
g->d
h->f
j->e
j->f
j->l
k->inc
l->b



representation :   %10 = load i32* %k, align 4
#Edge incoming
e->a
e->b
e->d
f->a
f->b
f->d
g->d
h->f
j->e
j->f
j->l
k->inc
l->b


#Edge outcoming
e->a
e->b
e->d
f->a
f->b
f->d
g->d
h->f
j->e
j->f
j->l
k->inc
l->b



representation :   %cmp2 = icmp eq i32 %10, 5
#Edge incoming
e->a
e->b
e->d
f->a
f->b
f->d
g->d
h->f
j->e
j->f
j->l
k->inc
l->b


#Edge outcoming
e->a
e->b
e->d
f->a
f->b
f->d
g->d
h->f
j->e
j->f
j->l
k->inc
l->b



representation :   br i1 %cmp2, label %if.then3, label %if.end4
#Edge incoming
e->a
e->b
e->d
f->a
f->b
f->d
g->d
h->f
j->e
j->f
j->l
k->inc
l->b


#Edge outcoming
e->a
e->b
e->d
f->a
f->b
f->d
g->d
h->f
j->e
j->f
j->l
k->inc
l->b


e->a
e->b
e->d
f->a
f->b
f->d
g->d
h->f
j->e
j->f
j->l
k->inc
l->b



representation :   store float** %e, float*** %j, align 8
#Edge incoming
e->a
e->b
e->d
f->a
f->b
f->d
g->d
h->f
j->e
j->f
j->l
k->inc
l->b


#Edge outcoming
e->a
e->b
e->d
f->a
f->b
f->d
g->d
h->f
j->e
j->f
j->l
k->inc
l->b



representation :   br label %if.end4
#Edge incoming
e->a
e->b
e->d
f->a
f->b
f->d
g->d
h->f
j->e
j->f
j->l
k->inc
l->b


#Edge outcoming
e->a
e->b
e->d
f->a
f->b
f->d
g->d
h->f
j->e
j->f
j->l
k->inc
l->b



representation :   %11 = load i32* %k, align 4
#Edge incoming
e->a
e->b
e->d
f->a
f->b
f->d
g->d
h->f
j->e
j->f
j->l
k->inc
l->b


e->a
e->b
e->d
f->a
f->b
f->d
g->d
h->f
j->e
j->f
j->l
k->inc
l->b


#Edge outcoming
e->a
e->b
e->d
f->a
f->b
f->d
g->d
h->f
j->e
j->f
j->l
k->inc
l->b



representation :   %cmp5 = icmp eq i32 %11, 9
#Edge incoming
e->a
e->b
e->d
f->a
f->b
f->d
g->d
h->f
j->e
j->f
j->l
k->inc
l->b


#Edge outcoming
e->a
e->b
e->d
f->a
f->b
f->d
g->d
h->f
j->e
j->f
j->l
k->inc
l->b



representation :   br i1 %cmp5, label %if.then6, label %if.end7
#Edge incoming
e->a
e->b
e->d
f->a
f->b
f->d
g->d
h->f
j->e
j->f
j->l
k->inc
l->b


#Edge outcoming
e->a
e->b
e->d
f->a
f->b
f->d
g->d
h->f
j->e
j->f
j->l
k->inc
l->b


e->a
e->b
e->d
f->a
f->b
f->d
g->d
h->f
j->e
j->f
j->l
k->inc
l->b



representation :   store float** %f, float*** %j, align 8
#Edge incoming
e->a
e->b
e->d
f->a
f->b
f->d
g->d
h->f
j->e
j->f
j->l
k->inc
l->b


#Edge outcoming
e->a
e->b
e->d
f->a
f->b
f->d
g->d
h->f
j->e
j->f
j->l
k->inc
l->b



representation :   br label %if.end7
#Edge incoming
e->a
e->b
e->d
f->a
f->b
f->d
g->d
h->f
j->e
j->f
j->l
k->inc
l->b


#Edge outcoming
e->a
e->b
e->d
f->a
f->b
f->d
g->d
h->f
j->e
j->f
j->l
k->inc
l->b



representation :   br label %for.inc
#Edge incoming
e->a
e->b
e->d
f->a
f->b
f->d
g->d
h->f
j->e
j->f
j->l
k->inc
l->b


e->a
e->b
e->d
f->a
f->b
f->d
g->d
h->f
j->e
j->f
j->l
k->inc
l->b


#Edge outcoming
e->a
e->b
e->d
f->a
f->b
f->d
g->d
h->f
j->e
j->f
j->l
k->inc
l->b



representation :   %12 = load i32* %k, align 4
#Edge incoming
e->a
e->b
e->d
f->a
f->b
f->d
g->d
h->f
j->e
j->f
j->l
k->inc
l->b


#Edge outcoming
e->a
e->b
e->d
f->a
f->b
f->d
g->d
h->f
j->e
j->f
j->l
k->inc
l->b



representation :   %inc = add nsw i32 %12, 1
#Edge incoming
e->a
e->b
e->d
f->a
f->b
f->d
g->d
h->f
j->e
j->f
j->l
k->inc
l->b


#Edge outcoming
e->a
e->b
e->d
f->a
f->b
f->d
g->d
h->f
j->e
j->f
j->l
k->inc
l->b



representation :   store i32 %inc, i32* %k, align 4
#Edge incoming
e->a
e->b
e->d
f->a
f->b
f->d
g->d
h->f
j->e
j->f
j->l
k->inc
l->b


#Edge outcoming
e->a
e->b
e->d
f->a
f->b
f->d
g->d
h->f
j->e
j->f
j->l
k->inc
l->b



representation :   br label %for.cond
#Edge incoming
e->a
e->b
e->d
f->a
f->b
f->d
g->d
h->f
j->e
j->f
j->l
k->inc
l->b


#Edge outcoming
e->a
e->b
e->d
f->a
f->b
f->d
g->d
h->f
j->e
j->f
j->l
k->inc
l->b



representation :   ret i32 0
#Edge incoming
e->a
e->b
e->d
f->a
f->b
f->d
g->d
h->f
j->e
j->f
j->l
k->inc
l->b


#Edge outcoming


